TN:
SF:lib/resourcetypes/json.js
FN:14,setVersion
FN:31,getVersion
FN:34,readCb
FNF:3
FNH:3
FNDA:3,setVersion
FNDA:2,getVersion
FNDA:2,readCb
DA:1,1
DA:2,1
DA:3,1
DA:4,1
DA:5,1
DA:6,1
DA:7,1
DA:8,1
DA:9,1
DA:10,1
DA:11,1
DA:12,1
DA:13,1
DA:14,3
DA:15,3
DA:16,3
DA:17,3
DA:18,3
DA:19,2
DA:20,3
DA:21,1
DA:22,1
DA:23,3
DA:24,1
DA:25,1
DA:26,1
DA:27,1
DA:28,1
DA:29,1
DA:30,1
DA:31,2
DA:32,2
DA:33,2
DA:34,2
DA:35,2
DA:36,2
DA:37,2
DA:38,2
DA:39,2
DA:40,2
DA:41,2
DA:42,2
DA:43,2
DA:44,1
DA:45,1
DA:46,1
DA:47,1
DA:48,1
DA:49,1
DA:50,1
DA:51,1
DA:52,1
DA:53,1
LF:53
LH:53
BRDA:1,0,0,1
BRDA:14,1,0,3
BRDA:18,2,0,2
BRDA:20,3,0,1
BRDA:31,4,0,2
BRDA:34,5,0,2
BRF:6
BRH:6
end_of_record
TN:
SF:lib/resourcetypes/makefile.js
FN:14,setVersion
FN:40,getVersion
FN:43,readCb
FNF:3
FNH:3
FNDA:2,setVersion
FNDA:1,getVersion
FNDA:1,readCb
DA:1,1
DA:2,1
DA:3,1
DA:4,1
DA:5,1
DA:6,1
DA:7,1
DA:8,1
DA:9,1
DA:10,1
DA:11,1
DA:12,1
DA:13,1
DA:14,2
DA:15,2
DA:16,2
DA:17,2
DA:18,2
DA:19,2
DA:20,2
DA:21,2
DA:22,2
DA:23,2
DA:24,2
DA:25,2
DA:26,2
DA:27,2
DA:28,1
DA:29,1
DA:30,1
DA:31,1
DA:32,2
DA:33,1
DA:34,1
DA:35,1
DA:36,1
DA:37,1
DA:38,1
DA:39,1
DA:40,1
DA:41,1
DA:42,1
DA:43,1
DA:44,1
DA:45,1
DA:46,1
DA:47,1
DA:48,1
DA:49,1
DA:50,1
DA:51,1
DA:52,1
DA:53,1
DA:54,1
DA:55,1
DA:56,1
DA:57,1
DA:58,1
DA:59,1
DA:60,1
DA:61,1
DA:62,1
DA:63,1
DA:64,1
DA:65,1
DA:66,1
LF:66
LH:66
BRDA:1,0,0,1
BRDA:14,1,0,2
BRDA:27,2,0,1
BRDA:19,3,0,2
BRDA:40,4,0,1
BRDA:43,5,0,1
BRDA:47,6,0,1
BRF:7
BRH:7
end_of_record
TN:
SF:lib/resourcetypes/yaml.js
FN:15,setVersion
FN:32,getVersion
FN:35,readCb
FNF:3
FNH:3
FNDA:3,setVersion
FNDA:2,getVersion
FNDA:2,readCb
DA:1,1
DA:2,1
DA:3,1
DA:4,1
DA:5,1
DA:6,1
DA:7,1
DA:8,1
DA:9,1
DA:10,1
DA:11,1
DA:12,1
DA:13,1
DA:14,1
DA:15,3
DA:16,3
DA:17,3
DA:18,3
DA:19,3
DA:20,2
DA:21,3
DA:22,1
DA:23,1
DA:24,3
DA:25,1
DA:26,1
DA:27,1
DA:28,1
DA:29,1
DA:30,1
DA:31,1
DA:32,2
DA:33,2
DA:34,2
DA:35,2
DA:36,2
DA:37,2
DA:38,2
DA:39,2
DA:40,2
DA:41,2
DA:42,2
DA:43,2
DA:44,2
DA:45,1
DA:46,1
DA:47,1
DA:48,1
DA:49,1
DA:50,1
DA:51,1
DA:52,1
DA:53,1
DA:54,1
LF:54
LH:54
BRDA:1,0,0,1
BRDA:15,1,0,3
BRDA:19,2,0,2
BRDA:21,3,0,1
BRDA:32,4,0,2
BRDA:35,5,0,2
BRF:6
BRH:6
end_of_record
TN:
SF:lib/versionschemes/semver.js
FN:10,Semver
FN:33,getReleaseVersion
FN:37,getPostReleaseVersion
FNF:3
FNH:3
FNDA:16,Semver
FNDA:8,getReleaseVersion
FNDA:8,getPostReleaseVersion
DA:1,1
DA:2,1
DA:3,1
DA:4,1
DA:5,1
DA:6,1
DA:7,1
DA:8,1
DA:9,1
DA:10,1
DA:11,16
DA:12,16
DA:13,16
DA:14,16
DA:15,16
DA:16,16
DA:17,16
DA:18,16
DA:19,16
DA:20,16
DA:21,16
DA:22,16
DA:23,16
DA:24,16
DA:25,14
DA:26,16
DA:27,2
DA:28,2
DA:29,16
DA:30,16
DA:31,16
DA:32,1
DA:33,1
DA:34,8
DA:35,8
DA:36,1
DA:37,1
DA:38,8
DA:39,8
DA:40,1
DA:41,1
DA:42,1
DA:43,1
DA:44,1
DA:45,1
LF:45
LH:45
BRDA:1,0,0,1
BRDA:10,1,0,16
BRDA:11,2,0,4
BRDA:12,3,0,4
BRDA:16,4,0,14
BRDA:16,5,0,2
BRDA:24,6,0,14
BRDA:26,7,0,2
BRDA:33,8,0,8
BRDA:37,9,0,8
BRF:10
BRH:10
end_of_record
